[     277ms] [WARNING] Image with src "/products/alfajor-de-harina-de-cacao-pistachos.jpg" was detected as the Largest Contentful Paint (LCP). Please add the `loading="eager"` property if this image is above the fold.
Read more: https://nextjs.org/docs/app/api-reference/components/image#loading @ http://localhost:3000/_next/static/chunks/node_modules_next_dist_f3530cac._.js:2297
[     359ms] [WARNING] Image with src "/products/alfajor-de-harina-de-cacao-pistachos.jpg" has "fill" and parent element with invalid "position". Provided "static" should be one of absolute,fixed,relative. @ http://localhost:3000/_next/static/chunks/node_modules_next_dist_f3530cac._.js:2297
[     359ms] [WARNING] Image with src "/products/alfajor-de-harina-de-cacao-chocolate-blanco-y-nibs.jpg" has "fill" and parent element with invalid "position". Provided "static" should be one of absolute,fixed,relative. @ http://localhost:3000/_next/static/chunks/node_modules_next_dist_f3530cac._.js:2297
[     359ms] [WARNING] Image with src "/products/alfajor-de-harina-de-cacao-de-chocolate-oscuro-60-y-nibs.jpg" has "fill" and parent element with invalid "position". Provided "static" should be one of absolute,fixed,relative. @ http://localhost:3000/_next/static/chunks/node_modules_next_dist_f3530cac._.js:2297
[     359ms] [WARNING] Image with src "/products/alfajor-de-harina-de-cacao-ddl-y-cardamomo.jpg" has "fill" and parent element with invalid "position". Provided "static" should be one of absolute,fixed,relative. @ http://localhost:3000/_next/static/chunks/node_modules_next_dist_f3530cac._.js:2297
[     360ms] [WARNING] Image with src "/products/alfajor-de-harina-de-cacao-marroc.jpg" has "fill" and parent element with invalid "position". Provided "static" should be one of absolute,fixed,relative. @ http://localhost:3000/_next/static/chunks/node_modules_next_dist_f3530cac._.js:2297
[     360ms] [WARNING] Image with src "/products/almendras-caramelizadas-rebozadas-en-cacao-amargo-de-origen-100.jpeg" has "fill" and parent element with invalid "position". Provided "static" should be one of absolute,fixed,relative. @ http://localhost:3000/_next/static/chunks/node_modules_next_dist_f3530cac._.js:2297
[     360ms] [WARNING] Image with src "/products/amantheo-chuncho-40g-singleorigin-alimento-coco-vegano.jpeg" has "fill" and parent element with invalid "position". Provided "static" should be one of absolute,fixed,relative. @ http://localhost:3000/_next/static/chunks/node_modules_next_dist_f3530cac._.js:2297
[     360ms] [WARNING] Image with src "/products/amantheo-40-con-leche-de-avena-vegano.jpeg" has "fill" and parent element with invalid "position". Provided "static" should be one of absolute,fixed,relative. @ http://localhost:3000/_next/static/chunks/node_modules_next_dist_f3530cac._.js:2297
[     360ms] [WARNING] Image with src "/products/avellanas-caramelizadas-rebozadas-en-cacao-natural-de-origen-100.jpeg" has "fill" and parent element with invalid "position". Provided "static" should be one of absolute,fixed,relative. @ http://localhost:3000/_next/static/chunks/node_modules_next_dist_f3530cac._.js:2297
[     361ms] [WARNING] Image with src "/products/bombon-de-mucilago-de-cacao-2u.jpg" has "fill" and parent element with invalid "position". Provided "static" should be one of absolute,fixed,relative. @ http://localhost:3000/_next/static/chunks/node_modules_next_dist_f3530cac._.js:2297
[   38911ms] [WARNING] Image with src "/products/box-pellizcos-dulce-de-leche-nuez-nibs-y-harina-de-cacao.jpg" has "fill" and parent element with invalid "position". Provided "static" should be one of absolute,fixed,relative. @ http://localhost:3000/_next/static/chunks/node_modules_next_dist_f3530cac._.js:2297
[   38913ms] [WARNING] Image with src "/products/box-pellizcos-dulce-de-leche-ron-y-harina-de-cacao.jpg" has "fill" and parent element with invalid "position". Provided "static" should be one of absolute,fixed,relative. @ http://localhost:3000/_next/static/chunks/node_modules_next_dist_f3530cac._.js:2297
[   38915ms] [WARNING] Image with src "/products/box-pellizcos-dulce-de-leche-ron-y-harina-de-cacao-2.jpg" has "fill" and parent element with invalid "position". Provided "static" should be one of absolute,fixed,relative. @ http://localhost:3000/_next/static/chunks/node_modules_next_dist_f3530cac._.js:2297
[   38921ms] [WARNING] Image with src "/products/cascarilla-de-cacao.jpg" has "fill" and parent element with invalid "position". Provided "static" should be one of absolute,fixed,relative. @ http://localhost:3000/_next/static/chunks/node_modules_next_dist_f3530cac._.js:2297
[   38998ms] [WARNING] Image with src "/products/tableta-amantheo-chocolate-blanco-con-nibs-40-manteca-de-cacao-origen-cremoso.png" has "fill" and parent element with invalid "position". Provided "static" should be one of absolute,fixed,relative. @ http://localhost:3000/_next/static/chunks/node_modules_next_dist_f3530cac._.js:2297
[   39004ms] [WARNING] Image with src "/products/cacao-fino-tostado-100-g-mix-aromatico-tocache-san-martin-peru.jpg" has "fill" and parent element with invalid "position". Provided "static" should be one of absolute,fixed,relative. @ http://localhost:3000/_next/static/chunks/node_modules_next_dist_f3530cac._.js:2297
[   39010ms] [WARNING] Image with src "/products/chocolate-blanco-nibs-amantheo-esmeraldas-ecuador-40-cacao-nacional.jpg" has "fill" and parent element with invalid "position". Provided "static" should be one of absolute,fixed,relative. @ http://localhost:3000/_next/static/chunks/node_modules_next_dist_f3530cac._.js:2297
[   39012ms] [WARNING] Image with src "/products/chocolate-blanco-40-con-nibs-amantheo-bagua-grande-amazonas-peru-cacao-nativo-amazonico.jpg" has "fill" and parent element with invalid "position". Provided "static" should be one of absolute,fixed,relative. @ http://localhost:3000/_next/static/chunks/node_modules_next_dist_f3530cac._.js:2297
[   39051ms] [WARNING] Image with src "/products/chocolateblancofrutilla.jpg" has "fill" and parent element with invalid "position". Provided "static" should be one of absolute,fixed,relative. @ http://localhost:3000/_next/static/chunks/node_modules_next_dist_f3530cac._.js:2297
[   39077ms] [WARNING] Image with src "/products/chocolate-amantheo-blanco-con-leche-tostada-quellouno-cuzco-peru-40-con-nibs-garrapinados-del-mismo-origen.jpg" has "fill" and parent element with invalid "position". Provided "static" should be one of absolute,fixed,relative. @ http://localhost:3000/_next/static/chunks/node_modules_next_dist_f3530cac._.js:2297
