[     611ms] [ERROR] Failed to load resource: the server responded with a status of 404 (Not Found) @ http://localhost:3000/favicon.ico:0
[     695ms] [WARNING] Image with src "/products/alfajor-de-harina-de-cacao-pistachos.jpg" has "fill" and parent element with invalid "position". Provided "static" should be one of absolute,fixed,relative. @ http://localhost:3000/_next/static/chunks/node_modules_next_dist_f3530cac._.js:2297
[     695ms] [WARNING] Image with src "/products/alfajor-de-harina-de-cacao-chocolate-blanco-y-nibs.jpg" has "fill" and parent element with invalid "position". Provided "static" should be one of absolute,fixed,relative. @ http://localhost:3000/_next/static/chunks/node_modules_next_dist_f3530cac._.js:2297
[     695ms] [WARNING] Image with src "/products/alfajor-de-harina-de-cacao-de-chocolate-oscuro-60-y-nibs.jpg" has "fill" and parent element with invalid "position". Provided "static" should be one of absolute,fixed,relative. @ http://localhost:3000/_next/static/chunks/node_modules_next_dist_f3530cac._.js:2297
[     695ms] [WARNING] Image with src "/products/alfajor-de-harina-de-cacao-ddl-y-cardamomo.jpg" has "fill" and parent element with invalid "position". Provided "static" should be one of absolute,fixed,relative. @ http://localhost:3000/_next/static/chunks/node_modules_next_dist_f3530cac._.js:2297
[     695ms] [WARNING] Image with src "/products/alfajor-de-harina-de-cacao-marroc.jpg" has "fill" and parent element with invalid "position". Provided "static" should be one of absolute,fixed,relative. @ http://localhost:3000/_next/static/chunks/node_modules_next_dist_f3530cac._.js:2297
[     695ms] [WARNING] Image with src "/products/almendras-caramelizadas-rebozadas-en-cacao-amargo-de-origen-100.jpeg" has "fill" and parent element with invalid "position". Provided "static" should be one of absolute,fixed,relative. @ http://localhost:3000/_next/static/chunks/node_modules_next_dist_f3530cac._.js:2297
[     695ms] [WARNING] Image with src "/products/amantheo-chuncho-40g-singleorigin-alimento-coco-vegano.jpeg" has "fill" and parent element with invalid "position". Provided "static" should be one of absolute,fixed,relative. @ http://localhost:3000/_next/static/chunks/node_modules_next_dist_f3530cac._.js:2297
[     696ms] [WARNING] Image with src "/products/amantheo-40-con-leche-de-avena-vegano.jpeg" has "fill" and parent element with invalid "position". Provided "static" should be one of absolute,fixed,relative. @ http://localhost:3000/_next/static/chunks/node_modules_next_dist_f3530cac._.js:2297
[     698ms] [WARNING] Image with src "/products/avellanas-caramelizadas-rebozadas-en-cacao-natural-de-origen-100.jpeg" has "fill" and parent element with invalid "position". Provided "static" should be one of absolute,fixed,relative. @ http://localhost:3000/_next/static/chunks/node_modules_next_dist_f3530cac._.js:2297
[     702ms] [WARNING] Image with src "/products/bombon-de-mucilago-de-cacao-2u.jpg" has "fill" and parent element with invalid "position". Provided "static" should be one of absolute,fixed,relative. @ http://localhost:3000/_next/static/chunks/node_modules_next_dist_f3530cac._.js:2297
[     704ms] [WARNING] Image with src "/products/box-pellizcos-dulce-de-leche-nuez-nibs-y-harina-de-cacao.jpg" has "fill" and parent element with invalid "position". Provided "static" should be one of absolute,fixed,relative. @ http://localhost:3000/_next/static/chunks/node_modules_next_dist_f3530cac._.js:2297
[     706ms] [WARNING] Image with src "/products/box-pellizcos-dulce-de-leche-ron-y-harina-de-cacao-2.jpg" has "fill" and parent element with invalid "position". Provided "static" should be one of absolute,fixed,relative. @ http://localhost:3000/_next/static/chunks/node_modules_next_dist_f3530cac._.js:2297
[     708ms] [WARNING] Image with src "/products/box-pellizcos-dulce-de-leche-ron-y-harina-de-cacao.jpg" has "fill" and parent element with invalid "position". Provided "static" should be one of absolute,fixed,relative. @ http://localhost:3000/_next/static/chunks/node_modules_next_dist_f3530cac._.js:2297
[     713ms] [WARNING] Image with src "/products/cacao-fino-tostado-mix-aromatico-tocache-san-martin-peru.jpg" has "fill" and parent element with invalid "position". Provided "static" should be one of absolute,fixed,relative. @ http://localhost:3000/_next/static/chunks/node_modules_next_dist_f3530cac._.js:2297
[     723ms] [WARNING] Image with src "/products/cacao-fino-tostado-100-g-mix-aromatico-tocache-san-martin-peru.jpg" has "fill" and parent element with invalid "position". Provided "static" should be one of absolute,fixed,relative. @ http://localhost:3000/_next/static/chunks/node_modules_next_dist_f3530cac._.js:2297
[     864ms] [WARNING] Image with src "/products/alfajor-de-harina-de-cacao-chocolate-blanco-y-nibs.jpg" was detected as the Largest Contentful Paint (LCP). Please add the `loading="eager"` property if this image is above the fold.
Read more: https://nextjs.org/docs/app/api-reference/components/image#loading @ http://localhost:3000/_next/static/chunks/node_modules_next_dist_f3530cac._.js:2297
[   27406ms] [WARNING] Image with src "/products/turron-de-mani-cubierto-con-chocolate-peruano-al-70-nibs-porciones-pote-surtidos-variedad.jpeg" has "fill" and parent element with invalid "position". Provided "static" should be one of absolute,fixed,relative. @ http://localhost:3000/_next/static/chunks/node_modules_next_dist_f3530cac._.js:2297
[   27418ms] [WARNING] Image with src "/products/almendras-tostadas-y-nibs-de-cacao-de-origen-amazonas-peru-garrapinados.png" has "fill" and parent element with invalid "position". Provided "static" should be one of absolute,fixed,relative. @ http://localhost:3000/_next/static/chunks/node_modules_next_dist_f3530cac._.js:2297
[   27429ms] [WARNING] Image with src "/products/turron-blanco-duro-de-almendras-y-nibs-garrapinados.png" has "fill" and parent element with invalid "position". Provided "static" should be one of absolute,fixed,relative. @ http://localhost:3000/_next/static/chunks/node_modules_next_dist_f3530cac._.js:2297
[   27444ms] [WARNING] Image with src "/products/estilo-jijona-nibs-almendras.png" has "fill" and parent element with invalid "position". Provided "static" should be one of absolute,fixed,relative. @ http://localhost:3000/_next/static/chunks/node_modules_next_dist_f3530cac._.js:2297
[   27445ms] [WARNING] Image with src "/products/turron-de-mani-y-nibs-garrapinados-de-esmeraldas-ecuador.jpeg" has "fill" and parent element with invalid "position". Provided "static" should be one of absolute,fixed,relative. @ http://localhost:3000/_next/static/chunks/node_modules_next_dist_f3530cac._.js:2297
[   27472ms] [WARNING] Image with src "/products/turron-de-chocolate.png" has "fill" and parent element with invalid "position". Provided "static" should be one of absolute,fixed,relative. @ http://localhost:3000/_next/static/chunks/node_modules_next_dist_f3530cac._.js:2297
[   27472ms] [WARNING] Image with src "/products/turron-gianduia-chocolate-origen-beantobar-alicante-blando.png" has "fill" and parent element with invalid "position". Provided "static" should be one of absolute,fixed,relative. @ http://localhost:3000/_next/static/chunks/node_modules_next_dist_f3530cac._.js:2297
[   27479ms] [WARNING] Image with src "/products/chocolate-de-origen-ashanti-region-ghana-70-frambuesa-mora-almendras-y-pistachos.jpg" has "fill" and parent element with invalid "position". Provided "static" should be one of absolute,fixed,relative. @ http://localhost:3000/_next/static/chunks/node_modules_next_dist_f3530cac._.js:2297
